<?xml version="1.0" encoding="UTF-8"?>
<testsuite name="TicTacToeTest" tests="1" skipped="0" failures="0" errors="0" timestamp="2020-07-21T18:49:25" hostname="DESKTOP-O1401NJ" time="0.093">
  <properties/>
  <testcase name="start" classname="TicTacToeTest" time="0.093"/>
  <system-out><![CDATA[?[1;31m
Start test 1?[0m
Enter cells: > XXXOO__O_
---------
| X X X |
| O O _ |
| _ O _ |
---------
XXX
OO_
_O_
X wins
?[1;31m
Start test 2?[0m
Enter cells: > XOXOXOXXO
---------
| X O X |
| O X O |
| X X O |
---------
XOX
OXO
XXO
X wins
?[1;31m
Start test 3?[0m
Enter cells: > XOOOXOXXO
---------
| X O O |
| O X O |
| X X O |
---------
XOO
OXO
XXO
O wins
?[1;31m
Start test 4?[0m
Enter cells: > XOXOOXXXO
---------
| X O X |
| O O X |
| X X O |
---------
XOX
OOX
XXO
Draw
?[1;31m
Start test 5?[0m
Enter cells: > XO_OOX_X_
---------
| X O _ |
| O O X |
| _ X _ |
---------
XO_
OOX
_X_
Game not finished
?[1;31m
Start test 6?[0m
Enter cells: > XO_XO_XOX
---------
| X O _ |
| X O _ |
| X O X |
---------
XO_
XO_
XOX
Impossible
?[1;31m
Start test 7?[0m
Enter cells: > _O_X__X_X
---------
| _ O _ |
| X _ _ |
| X _ X |
---------
_O_
X__
X_X
Impossible
?[1;31m
Start test 8?[0m
Enter cells: > _OOOO_X_X
---------
| _ O O |
| O O _ |
| X _ X |
---------
_OO
OO_
X_X
Impossible
]]></system-out>
  <system-err><![CDATA[]]></system-err>
</testsuite>
